<?xml version="1.0" encoding="UTF-8"?>
<!-- Generated by org.testng.reporters.JUnitXMLReporter -->
<testsuite ignored="0" hostname="LAPTOP-A05LVLGA" failures="0" tests="3" name="OrangeHRMTests" time="59.221" errors="0" timestamp="03 Jan. 2023 16:37:32 GMT">
  <testcase classname="OrangeTestsPackage.MainLoginPageTest" name="LoginPageTitleTest" time="0.027"/>
  <testcase classname="OrangeTestsPackage.MainLoginPageTest" name="LoginPageLogoTest" time="0.129"/>
  <testcase classname="OrangeTestsPackage.MainLoginPageTest" name="UserloginTest" time="1.719"/>
</testsuite> <!-- OrangeHRMTests -->
