<?xml version="1.0" encoding="UTF-8"?>
<testng-results ignored="0" total="3" passed="3" failed="0" skipped="0">
  <reporter-output>
  </reporter-output>
  <suite started-at="2023-01-03T16:36:32Z" name="Suite" finished-at="2023-01-03T16:37:32Z" duration-ms="59221">
    <groups>
    </groups>
    <test started-at="2023-01-03T16:36:32Z" name="OrangeHRMTests" finished-at="2023-01-03T16:37:32Z" duration-ms="59221">
      <class name="OrangeTestsPackage.MainLoginPageTest">
        <test-method is-config="true" signature="intializeLoginPageTest()[pri:0, instance:OrangeTestsPackage.MainLoginPageTest@7a675056]" started-at="2023-01-03T11:36:32Z" name="intializeLoginPageTest" finished-at="2023-01-03T11:36:54Z" duration-ms="21996" status="PASS">
          <reporter-output>
          </reporter-output>
        </test-method> <!-- intializeLoginPageTest -->
        <test-method signature="LoginPageTitleTest()[pri:1, instance:OrangeTestsPackage.MainLoginPageTest@7a675056]" started-at="2023-01-03T11:36:54Z" name="LoginPageTitleTest" finished-at="2023-01-03T11:36:54Z" duration-ms="27" status="PASS">
          <reporter-output>
          </reporter-output>
        </test-method> <!-- LoginPageTitleTest -->
        <test-method is-config="true" signature="closeBrowser()[pri:0, instance:OrangeTestsPackage.MainLoginPageTest@7a675056]" started-at="2023-01-03T11:36:54Z" name="closeBrowser" finished-at="2023-01-03T11:36:57Z" duration-ms="2479" status="PASS">
          <reporter-output>
          </reporter-output>
        </test-method> <!-- closeBrowser -->
        <test-method is-config="true" signature="intializeLoginPageTest()[pri:0, instance:OrangeTestsPackage.MainLoginPageTest@7a675056]" started-at="2023-01-03T11:36:57Z" name="intializeLoginPageTest" finished-at="2023-01-03T11:37:10Z" duration-ms="13299" status="PASS">
          <reporter-output>
          </reporter-output>
        </test-method> <!-- intializeLoginPageTest -->
        <test-method signature="LoginPageLogoTest()[pri:2, instance:OrangeTestsPackage.MainLoginPageTest@7a675056]" started-at="2023-01-03T11:37:10Z" name="LoginPageLogoTest" finished-at="2023-01-03T11:37:10Z" duration-ms="129" status="PASS">
          <reporter-output>
          </reporter-output>
        </test-method> <!-- LoginPageLogoTest -->
        <test-method is-config="true" signature="closeBrowser()[pri:0, instance:OrangeTestsPackage.MainLoginPageTest@7a675056]" started-at="2023-01-03T11:37:10Z" name="closeBrowser" finished-at="2023-01-03T11:37:13Z" duration-ms="2399" status="PASS">
          <reporter-output>
          </reporter-output>
        </test-method> <!-- closeBrowser -->
        <test-method is-config="true" signature="intializeLoginPageTest()[pri:0, instance:OrangeTestsPackage.MainLoginPageTest@7a675056]" started-at="2023-01-03T11:37:13Z" name="intializeLoginPageTest" finished-at="2023-01-03T11:37:27Z" duration-ms="14314" status="PASS">
          <reporter-output>
          </reporter-output>
        </test-method> <!-- intializeLoginPageTest -->
        <test-method signature="UserloginTest()[pri:3, instance:OrangeTestsPackage.MainLoginPageTest@7a675056]" started-at="2023-01-03T11:37:27Z" name="UserloginTest" finished-at="2023-01-03T11:37:29Z" duration-ms="1719" status="PASS">
          <reporter-output>
          </reporter-output>
        </test-method> <!-- UserloginTest -->
        <test-method is-config="true" signature="closeBrowser()[pri:0, instance:OrangeTestsPackage.MainLoginPageTest@7a675056]" started-at="2023-01-03T11:37:29Z" name="closeBrowser" finished-at="2023-01-03T11:37:32Z" duration-ms="2813" status="PASS">
          <reporter-output>
          </reporter-output>
        </test-method> <!-- closeBrowser -->
      </class> <!-- OrangeTestsPackage.MainLoginPageTest -->
    </test> <!-- OrangeHRMTests -->
  </suite> <!-- Suite -->
</testng-results>
